\BOOKMARK [0][-]{chapter.1}{\376\377\000P\000e\000n\000d\000a\000h\000u\000l\000u\000a\000n}{}% 1
\BOOKMARK [1][-]{section.1.1}{\376\377\000P\000e\000n\000g\000e\000r\000t\000i\000a\000n\000\040\000W\000e\000b\000s\000i\000t\000e\000\040\000P\000r\000o\000f\000i\000l\000\040\000P\000e\000r\000u\000s\000a\000h\000a\000a\000n\000\040\000P\000T\000.\000\040\000S\000u\000r\000y\000a\000\040\000K\000e\000n\000c\000a\000n\000a\000\040\000G\000e\000m\000i\000l\000a\000n\000g\000\040\000T\000e\000k\000n\000i\000k}{chapter.1}% 2
\BOOKMARK [1][-]{section.1.2}{\376\377\000T\000e\000n\000t\000a\000n\000g\000\040\000D\000o\000k\000u\000m\000e\000n\000\040\000I\000n\000i}{chapter.1}% 3
\BOOKMARK [1][-]{section.1.3}{\376\377\000D\000e\000s\000k\000r\000i\000p\000s\000i\000\040\000S\000i\000s\000t\000e\000m}{chapter.1}% 4
\BOOKMARK [1][-]{section.1.4}{\376\377\000H\000a\000k\000\040\000A\000k\000s\000e\000s\000\040\000P\000e\000n\000g\000g\000u\000n\000a}{chapter.1}% 5
\BOOKMARK [1][-]{section.1.5}{\376\377\000P\000e\000r\000s\000y\000a\000r\000a\000t\000a\000n\000\040\000S\000i\000s\000t\000e\000m}{chapter.1}% 6
\BOOKMARK [0][-]{chapter.2}{\376\377\000A\000n\000t\000a\000r\000m\000u\000k\000a\000\040\000P\000u\000b\000l\000i\000k}{}% 7
\BOOKMARK [1][-]{section.2.1}{\376\377\000S\000t\000r\000u\000k\000t\000u\000r\000\040\000H\000a\000l\000a\000m\000a\000n\000\040\000U\000t\000a\000m\000a}{chapter.2}% 8
\BOOKMARK [2][-]{subsection.2.1.1}{\376\377\000H\000e\000r\000o\000\040\000S\000e\000c\000t\000i\000o\000n}{section.2.1}% 9
\BOOKMARK [2][-]{subsection.2.1.2}{\376\377\000T\000e\000n\000t\000a\000n\000g\000\040\000K\000a\000m\000i\000\040\000\050\000V\000i\000s\000i\000\040\000\046\000\040\000M\000i\000s\000i\000\051}{section.2.1}% 10
\BOOKMARK [2][-]{subsection.2.1.3}{\376\377\000P\000r\000o\000d\000u\000k}{section.2.1}% 11
\BOOKMARK [2][-]{subsection.2.1.4}{\376\377\000G\000a\000l\000l\000e\000r\000y\000\040\000\050\000R\000i\000w\000a\000y\000a\000t\000\051}{section.2.1}% 12
\BOOKMARK [2][-]{subsection.2.1.5}{\376\377\000K\000l\000i\000e\000n\000\040\000\050\000O\000u\000r\000\040\000C\000l\000i\000e\000n\000t\000\051}{section.2.1}% 13
\BOOKMARK [2][-]{subsection.2.1.6}{\376\377\000T\000e\000s\000t\000i\000m\000o\000n\000i}{section.2.1}% 14
\BOOKMARK [2][-]{subsection.2.1.7}{\376\377\000K\000o\000n\000t\000a\000k}{section.2.1}% 15
\BOOKMARK [1][-]{section.2.2}{\376\377\000F\000i\000t\000u\000r\000\040\000I\000n\000t\000e\000r\000a\000k\000t\000i\000f}{chapter.2}% 16
\BOOKMARK [2][-]{subsection.2.2.1}{\376\377\000F\000l\000o\000a\000t\000i\000n\000g\000\040\000W\000h\000a\000t\000s\000A\000p\000p}{section.2.2}% 17
\BOOKMARK [2][-]{subsection.2.2.2}{\376\377\000D\000e\000t\000a\000i\000l\000\040\000P\000r\000o\000d\000u\000k}{section.2.2}% 18
\BOOKMARK [2][-]{subsection.2.2.3}{\376\377\000M\000o\000b\000i\000l\000e\000\040\000M\000e\000n\000u}{section.2.2}% 19
\BOOKMARK [2][-]{subsection.2.2.4}{\376\377\000S\000m\000o\000o\000t\000h\000\040\000S\000c\000r\000o\000l\000l\000i\000n\000g}{section.2.2}% 20
\BOOKMARK [2][-]{subsection.2.2.5}{\376\377\000R\000e\000s\000p\000o\000n\000s\000i\000v\000e\000\040\000D\000e\000s\000i\000g\000n}{section.2.2}% 21
\BOOKMARK [0][-]{chapter.3}{\376\377\000L\000o\000g\000i\000n\000\040\000A\000d\000m\000i\000n\000i\000s\000t\000r\000a\000t\000o\000r}{}% 22
\BOOKMARK [1][-]{section.3.1}{\376\377\000L\000a\000n\000g\000k\000a\000h\000-\000L\000a\000n\000g\000k\000a\000h\000\040\000L\000o\000g\000i\000n}{chapter.3}% 23
\BOOKMARK [2][-]{subsection.3.1.1}{\376\377\000L\000a\000n\000g\000k\000a\000h\000\040\0001\000:\000\040\000A\000k\000s\000e\000s\000\040\000H\000a\000l\000a\000m\000a\000n\000\040\000L\000o\000g\000i\000n}{section.3.1}% 24
\BOOKMARK [2][-]{subsection.3.1.2}{\376\377\000L\000a\000n\000g\000k\000a\000h\000\040\0002\000:\000\040\000M\000a\000s\000u\000k\000k\000a\000n\000\040\000U\000s\000e\000r\000n\000a\000m\000e}{section.3.1}% 25
\BOOKMARK [2][-]{subsection.3.1.3}{\376\377\000L\000a\000n\000g\000k\000a\000h\000\040\0003\000:\000\040\000M\000a\000s\000u\000k\000k\000a\000n\000\040\000P\000a\000s\000s\000w\000o\000r\000d}{section.3.1}% 26
\BOOKMARK [2][-]{subsection.3.1.4}{\376\377\000L\000a\000n\000g\000k\000a\000h\000\040\0004\000:\000\040\000K\000l\000i\000k\000\040\000T\000o\000m\000b\000o\000l\000\040\000L\000o\000g\000i\000n}{section.3.1}% 27
\BOOKMARK [2][-]{subsection.3.1.5}{\376\377\000L\000a\000n\000g\000k\000a\000h\000\040\0005\000:\000\040\000V\000e\000r\000i\000f\000i\000k\000a\000s\000i\000\040\000L\000o\000g\000i\000n\000\040\000d\000a\000n\000\040\000A\000k\000s\000e\000s\000\040\000D\000a\000s\000h\000b\000o\000a\000r\000d}{section.3.1}% 28
\BOOKMARK [1][-]{section.3.2}{\376\377\000K\000e\000a\000m\000a\000n\000a\000n\000\040\000A\000k\000u\000n}{chapter.3}% 29
\BOOKMARK [0][-]{chapter.4}{\376\377\000D\000a\000s\000h\000b\000o\000a\000r\000d}{}% 30
\BOOKMARK [1][-]{section.4.1}{\376\377\000S\000t\000a\000t\000i\000s\000t\000i\000k\000\040\000U\000t\000a\000m\000a}{chapter.4}% 31
\BOOKMARK [2][-]{subsection.4.1.1}{\376\377\000T\000o\000t\000a\000l\000\040\000P\000r\000o\000d\000u\000k}{section.4.1}% 32
\BOOKMARK [2][-]{subsection.4.1.2}{\376\377\000T\000o\000t\000a\000l\000\040\000K\000l\000i\000e\000n}{section.4.1}% 33
\BOOKMARK [2][-]{subsection.4.1.3}{\376\377\000T\000o\000t\000a\000l\000\040\000T\000e\000s\000t\000i\000m\000o\000n\000i}{section.4.1}% 34
\BOOKMARK [2][-]{subsection.4.1.4}{\376\377\000T\000o\000t\000a\000l\000\040\000A\000d\000m\000i\000n}{section.4.1}% 35
\BOOKMARK [1][-]{section.4.2}{\376\377\000A\000k\000t\000i\000v\000i\000t\000a\000s\000\040\000T\000e\000r\000b\000a\000r\000u}{chapter.4}% 36
\BOOKMARK [2][-]{subsection.4.2.1}{\376\377\000P\000a\000n\000e\000l\000\040\000P\000r\000o\000d\000u\000k\000\040\000T\000e\000r\000b\000a\000r\000u}{section.4.2}% 37
\BOOKMARK [2][-]{subsection.4.2.2}{\376\377\000P\000a\000n\000e\000l\000\040\000T\000e\000s\000t\000i\000m\000o\000n\000i\000\040\000T\000e\000r\000b\000a\000r\000u}{section.4.2}% 38
\BOOKMARK [1][-]{section.4.3}{\376\377\000N\000a\000v\000i\000g\000a\000s\000i\000\040\000C\000e\000p\000a\000t}{chapter.4}% 39
\BOOKMARK [0][-]{chapter.5}{\376\377\000M\000a\000n\000a\000j\000e\000m\000e\000n\000\040\000H\000e\000r\000o\000\040\000\050\000B\000a\000n\000n\000e\000r\000\040\000U\000t\000a\000m\000a\000\051}{}% 40
\BOOKMARK [1][-]{section.5.1}{\376\377\000P\000e\000n\000g\000a\000t\000u\000r\000a\000n\000\040\000G\000a\000m\000b\000a\000r\000\040\000S\000l\000i\000d\000e\000r}{chapter.5}% 41
\BOOKMARK [2][-]{subsection.5.1.1}{\376\377\000L\000a\000n\000g\000k\000a\000h\000\040\0001\000:\000\040\000A\000k\000s\000e\000s\000\040\000M\000e\000n\000u\000\040\000H\000e\000r\000o}{section.5.1}% 42
\BOOKMARK [2][-]{subsection.5.1.2}{\376\377\000L\000a\000n\000g\000k\000a\000h\000\040\0002\000:\000\040\000U\000p\000l\000o\000a\000d\000\040\000G\000a\000m\000b\000a\000r\000\040\000B\000a\000c\000k\000g\000r\000o\000u\000n\000d}{section.5.1}% 43
\BOOKMARK [2][-]{subsection.5.1.3}{\376\377\000L\000a\000n\000g\000k\000a\000h\000\040\0003\000:\000\040\000P\000e\000n\000g\000e\000l\000o\000l\000a\000a\000n\000\040\000G\000a\000m\000b\000a\000r}{section.5.1}% 44
\BOOKMARK [2][-]{subsection.5.1.4}{\376\377\000L\000a\000n\000g\000k\000a\000h\000\040\0004\000:\000\040\000P\000e\000n\000y\000e\000s\000u\000a\000i\000a\000n\000\040\000U\000r\000u\000t\000a\000n\000\040\000G\000a\000m\000b\000a\000r}{section.5.1}% 45
\BOOKMARK [1][-]{section.5.2}{\376\377\000P\000e\000n\000g\000a\000t\000u\000r\000a\000n\000\040\000T\000e\000k\000s\000\040\000\046\000\040\000S\000t\000a\000t\000i\000s\000t\000i\000k}{chapter.5}% 46
\BOOKMARK [2][-]{subsection.5.2.1}{\376\377\000P\000e\000n\000g\000a\000t\000u\000r\000a\000n\000\040\000L\000o\000k\000a\000s\000i}{section.5.2}% 47
\BOOKMARK [2][-]{subsection.5.2.2}{\376\377\000P\000e\000n\000g\000a\000t\000u\000r\000a\000n\000\040\000J\000u\000d\000u\000l\000\040\000U\000t\000a\000m\000a}{section.5.2}% 48
\BOOKMARK [2][-]{subsection.5.2.3}{\376\377\000P\000e\000n\000g\000a\000t\000u\000r\000a\000n\000\040\000S\000u\000b\000j\000u\000d\000u\000l}{section.5.2}% 49
\BOOKMARK [2][-]{subsection.5.2.4}{\376\377\000P\000e\000n\000g\000a\000t\000u\000r\000a\000n\000\040\000S\000t\000a\000t\000i\000s\000t\000i\000k}{section.5.2}% 50
\BOOKMARK [1][-]{section.5.3}{\376\377\000P\000r\000a\000t\000i\000n\000j\000a\000u\000\040\000P\000e\000r\000u\000b\000a\000h\000a\000n}{chapter.5}% 51
\BOOKMARK [1][-]{section.5.4}{\376\377\000T\000i\000p\000s\000\040\000O\000p\000t\000i\000m\000a\000s\000i\000\040\000H\000e\000r\000o\000\040\000S\000e\000c\000t\000i\000o\000n}{chapter.5}% 52
\BOOKMARK [0][-]{chapter.6}{\376\377\000M\000a\000n\000a\000j\000e\000m\000e\000n\000\040\000P\000r\000o\000d\000u\000k}{}% 53
\BOOKMARK [1][-]{section.6.1}{\376\377\000L\000a\000n\000g\000k\000a\000h\000\040\0001\000:\000\040\000A\000k\000s\000e\000s\000\040\000M\000e\000n\000u\000\040\000P\000r\000o\000d\000u\000k}{chapter.6}% 54
\BOOKMARK [1][-]{section.6.2}{\376\377\000L\000a\000n\000g\000k\000a\000h\000\040\0002\000:\000\040\000M\000e\000n\000a\000m\000b\000a\000h\000\040\000P\000r\000o\000d\000u\000k\000\040\000B\000a\000r\000u}{chapter.6}% 55
\BOOKMARK [2][-]{subsection.6.2.1}{\376\377\000I\000s\000i\000a\000n\000\040\000F\000o\000r\000m\000\040\000P\000e\000n\000a\000m\000b\000a\000h\000a\000n\000\040\000P\000r\000o\000d\000u\000k}{section.6.2}% 56
\BOOKMARK [2][-]{subsection.6.2.2}{\376\377\000M\000e\000n\000y\000i\000m\000p\000a\000n\000\040\000P\000r\000o\000d\000u\000k\000\040\000B\000a\000r\000u}{section.6.2}% 57
\BOOKMARK [1][-]{section.6.3}{\376\377\000M\000e\000n\000g\000e\000l\000o\000l\000a\000\040\000P\000r\000o\000d\000u\000k\000\040\000E\000k\000s\000i\000s\000t\000i\000n\000g}{chapter.6}% 58
\BOOKMARK [2][-]{subsection.6.3.1}{\376\377\000M\000e\000l\000i\000h\000a\000t\000\040\000D\000a\000f\000t\000a\000r\000\040\000P\000r\000o\000d\000u\000k}{section.6.3}% 59
\BOOKMARK [2][-]{subsection.6.3.2}{\376\377\000M\000e\000n\000g\000a\000t\000u\000r\000\040\000U\000r\000u\000t\000a\000n\000\040\000P\000r\000o\000d\000u\000k\000\040\000\050\000D\000r\000a\000g\000\040\000\046\000\040\000D\000r\000o\000p\000\051}{section.6.3}% 60
\BOOKMARK [2][-]{subsection.6.3.3}{\376\377\000M\000e\000n\000g\000e\000d\000i\000t\000\040\000P\000r\000o\000d\000u\000k}{section.6.3}% 61
\BOOKMARK [2][-]{subsection.6.3.4}{\376\377\000M\000e\000n\000g\000h\000a\000p\000u\000s\000\040\000P\000r\000o\000d\000u\000k}{section.6.3}% 62
\BOOKMARK [1][-]{section.6.4}{\376\377\000T\000i\000p\000s\000\040\000M\000a\000n\000a\000j\000e\000m\000e\000n\000\040\000P\000r\000o\000d\000u\000k}{chapter.6}% 63
\BOOKMARK [0][-]{chapter.7}{\376\377\000M\000a\000n\000a\000j\000e\000m\000e\000n\000\040\000K\000l\000i\000e\000n\000\040\000\046\000\040\000T\000e\000s\000t\000i\000m\000o\000n\000i}{}% 64
\BOOKMARK [1][-]{section.7.1}{\376\377\000M\000a\000n\000a\000j\000e\000m\000e\000n\000\040\000K\000l\000i\000e\000n\000\040\000\050\000O\000u\000r\000\040\000C\000l\000i\000e\000n\000t\000\051}{chapter.7}% 65
\BOOKMARK [1][-]{section.7.2}{\376\377\000M\000a\000n\000a\000j\000e\000m\000e\000n\000\040\000T\000e\000s\000t\000i\000m\000o\000n\000i}{chapter.7}% 66
\BOOKMARK [1][-]{section.7.3}{\376\377\000T\000i\000p\000s\000\040\000M\000a\000n\000a\000j\000e\000m\000e\000n\000\040\000K\000l\000i\000e\000n\000\040\000\046\000\040\000T\000e\000s\000t\000i\000m\000o\000n\000i}{chapter.7}% 67
\BOOKMARK [0][-]{chapter.8}{\376\377\000M\000a\000n\000a\000j\000e\000m\000e\000n\000\040\000H\000a\000l\000a\000m\000a\000n\000\040\000L\000a\000i\000n\000n\000y\000a}{}% 68
\BOOKMARK [1][-]{section.8.1}{\376\377\000V\000i\000s\000i\000\040\000\046\000\040\000M\000i\000s\000i}{chapter.8}% 69
\BOOKMARK [1][-]{section.8.2}{\376\377\000K\000o\000n\000t\000a\000k}{chapter.8}% 70
\BOOKMARK [1][-]{section.8.3}{\376\377\000R\000i\000w\000a\000y\000a\000t\000\040\000P\000e\000r\000u\000s\000a\000h\000a\000a\000n\000\040\000\050\000C\000o\000m\000p\000a\000n\000y\000\040\000H\000i\000s\000t\000o\000r\000y\000\051}{chapter.8}% 71
\BOOKMARK [1][-]{section.8.4}{\376\377\000T\000i\000p\000s\000\040\000M\000a\000n\000a\000j\000e\000m\000e\000n\000\040\000H\000a\000l\000a\000m\000a\000n\000\040\000L\000a\000i\000n\000n\000y\000a}{chapter.8}% 72
\BOOKMARK [0][-]{chapter.9}{\376\377\000P\000e\000n\000g\000a\000t\000u\000r\000a\000n\000\040\000S\000i\000t\000u\000s\000\040\000\050\000G\000l\000o\000b\000a\000l\000\051}{}% 73
\BOOKMARK [1][-]{section.9.1}{\376\377\000H\000a\000l\000a\000m\000a\000n\000\040\000P\000e\000n\000g\000a\000t\000u\000r\000a\000n}{chapter.9}% 74
\BOOKMARK [2][-]{subsection.9.1.1}{\376\377\000H\000a\000l\000a\000m\000a\000n\000\040\0001\000:\000\040\000I\000n\000f\000o\000\040\000D\000a\000s\000a\000r\000\040\000\046\000\040\000H\000e\000r\000o}{section.9.1}% 75
\BOOKMARK [2][-]{subsection.9.1.2}{\376\377\000H\000a\000l\000a\000m\000a\000n\000\040\0002\000:\000\040\000P\000r\000o\000d\000u\000k\000,\000\040\000K\000l\000i\000e\000n\000\040\000\046\000\040\000R\000i\000w\000a\000y\000a\000t}{section.9.1}% 76
\BOOKMARK [2][-]{subsection.9.1.3}{\376\377\000H\000a\000l\000a\000m\000a\000n\000\040\0003\000:\000\040\000T\000e\000s\000t\000i\000m\000o\000n\000i\000\040\000\046\000\040\000K\000o\000n\000t\000a\000k}{section.9.1}% 77
\BOOKMARK [1][-]{section.9.2}{\376\377\000M\000e\000n\000y\000i\000m\000p\000a\000n\000\040\000P\000e\000n\000g\000a\000t\000u\000r\000a\000n}{chapter.9}% 78
\BOOKMARK [1][-]{section.9.3}{\376\377\000T\000i\000p\000s\000\040\000P\000e\000n\000g\000a\000t\000u\000r\000a\000n\000\040\000S\000i\000t\000u\000s}{chapter.9}% 79
\BOOKMARK [0][-]{chapter.10}{\376\377\000M\000a\000n\000a\000j\000e\000m\000e\000n\000\040\000A\000d\000m\000i\000n}{}% 80
\BOOKMARK [1][-]{section.10.1}{\376\377\000M\000e\000n\000a\000m\000b\000a\000h\000\040\000A\000d\000m\000i\000n}{chapter.10}% 81
\BOOKMARK [1][-]{section.10.2}{\376\377\000M\000e\000n\000g\000e\000d\000i\000t\000\040\000A\000d\000m\000i\000n}{chapter.10}% 82
\BOOKMARK [1][-]{section.10.3}{\376\377\000M\000e\000n\000g\000h\000a\000p\000u\000s\000\040\000A\000d\000m\000i\000n}{chapter.10}% 83
\BOOKMARK [1][-]{section.10.4}{\376\377\000T\000i\000p\000s\000\040\000M\000a\000n\000a\000j\000e\000m\000e\000n\000\040\000A\000d\000m\000i\000n}{chapter.10}% 84
\BOOKMARK [0][-]{chapter.11}{\376\377\000P\000e\000n\000u\000t\000u\000p}{}% 85
\BOOKMARK [1][-]{section.11.1}{\376\377\000D\000u\000k\000u\000n\000g\000a\000n\000\040\000T\000e\000k\000n\000i\000s}{chapter.11}% 86
\BOOKMARK [1][-]{section.11.2}{\376\377\000P\000e\000m\000b\000a\000r\000u\000a\000n\000\040\000D\000o\000k\000u\000m\000e\000n\000t\000a\000s\000i}{chapter.11}% 87
\BOOKMARK [1][-]{section.11.3}{\376\377\000K\000e\000s\000i\000m\000p\000u\000l\000a\000n}{chapter.11}% 88
